<?xml version="1.0" encoding="UTF-8"?>
<testng-results skipped="0" failed="1" ignored="0" total="1" passed="0">
  <reporter-output>
  </reporter-output>
  <suite name="Suite" duration-ms="18822" started-at="2018-02-09T10:08:07Z" finished-at="2018-02-09T10:08:26Z">
    <groups>
    </groups>
    <test name="ChromeTest" duration-ms="18822" started-at="2018-02-09T10:08:07Z" finished-at="2018-02-09T10:08:26Z">
      <class name="testCases.Verify_Instawork_Appearance_in_Google_Search_Result">
        <test-method status="PASS" signature="setup(java.lang.String)[pri:0, instance:testCases.Verify_Instawork_Appearance_in_Google_Search_Result@dd3b207]" name="setup" is-config="true" duration-ms="6391" started-at="2018-02-09T15:38:07Z" finished-at="2018-02-09T15:38:14Z">
          <params>
            <param index="0">
              <value>
                <![CDATA[Chrome]]>
              </value>
            </param>
          </params>
          <reporter-output>
          </reporter-output>
        </test-method> <!-- setup -->
        <test-method status="PASS" signature="beforeMethod(java.lang.reflect.Method)[pri:0, instance:testCases.Verify_Instawork_Appearance_in_Google_Search_Result@dd3b207]" name="beforeMethod" is-config="true" duration-ms="2" started-at="2018-02-09T15:38:14Z" finished-at="2018-02-09T15:38:14Z">
          <params>
            <param index="0">
              <value>
                <![CDATA[public void testCases.Verify_Instawork_Appearance_in_Google_Search_Result.main1(java.lang.String) throws java.lang.Exception]]>
              </value>
            </param>
          </params>
          <reporter-output>
          </reporter-output>
        </test-method> <!-- beforeMethod -->
        <test-method status="FAIL" signature="main1(java.lang.String)[pri:0, instance:testCases.Verify_Instawork_Appearance_in_Google_Search_Result@dd3b207]" name="main1" duration-ms="11576" started-at="2018-02-09T15:38:14Z" finished-at="2018-02-09T15:38:25Z">
          <params>
            <param index="0">
              <value>
                <![CDATA[Chrome]]>
              </value>
            </param>
          </params>
          <exception class="java.lang.ClassCastException">
            <message>
              <![CDATA[java.lang.ThreadLocal cannot be cast to org.openqa.selenium.JavascriptExecutor]]>
            </message>
            <full-stacktrace>
              <![CDATA[java.lang.ClassCastException: java.lang.ThreadLocal cannot be cast to org.openqa.selenium.JavascriptExecutor
	at utility.Utils.scrollingToPageBottom(Utils.java:185)
	at appModules.SearchResultAction.printPositionOfInstawork(SearchResultAction.java:50)
	at testCases.Verify_Instawork_Appearance_in_Google_Search_Result.main1(Verify_Instawork_Appearance_in_Google_Search_Result.java:44)
	at sun.reflect.NativeMethodAccessorImpl.invoke0(Native Method)
	at sun.reflect.NativeMethodAccessorImpl.invoke(Unknown Source)
	at sun.reflect.DelegatingMethodAccessorImpl.invoke(Unknown Source)
	at java.lang.reflect.Method.invoke(Unknown Source)
	at org.testng.internal.MethodInvocationHelper.invokeMethod(MethodInvocationHelper.java:108)
	at org.testng.internal.Invoker.invokeMethod(Invoker.java:661)
	at org.testng.internal.Invoker.invokeTestMethod(Invoker.java:869)
	at org.testng.internal.Invoker.invokeTestMethods(Invoker.java:1193)
	at org.testng.internal.TestMethodWorker.invokeTestMethods(TestMethodWorker.java:126)
	at org.testng.internal.TestMethodWorker.run(TestMethodWorker.java:109)
	at org.testng.TestRunner.privateRun(TestRunner.java:744)
	at org.testng.TestRunner.run(TestRunner.java:602)
	at org.testng.SuiteRunner.runTest(SuiteRunner.java:380)
	at org.testng.SuiteRunner.access$000(SuiteRunner.java:39)
	at org.testng.SuiteRunner$SuiteWorker.run(SuiteRunner.java:414)
	at org.testng.internal.thread.ThreadUtil$1.call(ThreadUtil.java:52)
	at java.util.concurrent.FutureTask.run(Unknown Source)
	at java.util.concurrent.ThreadPoolExecutor.runWorker(Unknown Source)
	at java.util.concurrent.ThreadPoolExecutor$Worker.run(Unknown Source)
	at java.lang.Thread.run(Unknown Source)
]]>
            </full-stacktrace>
          </exception> <!-- java.lang.ClassCastException -->
          <reporter-output>
          </reporter-output>
        </test-method> <!-- main1 -->
        <test-method status="PASS" signature="tearDown()[pri:0, instance:testCases.Verify_Instawork_Appearance_in_Google_Search_Result@dd3b207]" name="tearDown" is-config="true" duration-ms="642" started-at="2018-02-09T15:38:25Z" finished-at="2018-02-09T15:38:26Z">
          <reporter-output>
          </reporter-output>
        </test-method> <!-- tearDown -->
        <test-method status="PASS" signature="endTest()[pri:0, instance:testCases.Verify_Instawork_Appearance_in_Google_Search_Result@dd3b207]" name="endTest" is-config="true" duration-ms="198" started-at="2018-02-09T15:38:26Z" finished-at="2018-02-09T15:38:26Z">
          <reporter-output>
          </reporter-output>
        </test-method> <!-- endTest -->
        <test-method status="PASS" signature="afterMethod(org.testng.ITestResult)[pri:0, instance:testCases.Verify_Instawork_Appearance_in_Google_Search_Result@dd3b207]" name="afterMethod" is-config="true" duration-ms="0" started-at="2018-02-09T15:38:26Z" finished-at="2018-02-09T15:38:26Z">
          <params>
            <param index="0">
              <value>
                <![CDATA[[TestResult name=main1 status=FAILURE method=Verify_Instawork_Appearance_in_Google_Search_Result.main1(java.lang.String)[pri:0, instance:testCases.Verify_Instawork_Appearance_in_Google_Search_Result@dd3b207] output={null}]]]>
              </value>
            </param>
          </params>
          <reporter-output>
          </reporter-output>
        </test-method> <!-- afterMethod -->
      </class> <!-- testCases.Verify_Instawork_Appearance_in_Google_Search_Result -->
    </test> <!-- ChromeTest -->
  </suite> <!-- Suite -->
</testng-results>
